<?xml version="1.0" encoding="UTF-8"?>
<testsuite name="com.ofss.trade.web.TradeStoreControllerTest" tests="1" skipped="0" failures="0" errors="0" timestamp="2022-12-14T20:06:57" hostname="BTHADANI-IN" time="0.292">
  <properties/>
  <testcase name="updateExpired()" classname="com.ofss.trade.web.TradeStoreControllerTest" time="0.292"/>
  <system-out><![CDATA[01:36:54.270 [Test worker] DEBUG org.springframework.test.context.BootstrapUtils - Instantiating CacheAwareContextLoaderDelegate from class [org.springframework.test.context.cache.DefaultCacheAwareContextLoaderDelegate]
01:36:54.288 [Test worker] DEBUG org.springframework.test.context.BootstrapUtils - Instantiating BootstrapContext using constructor [public org.springframework.test.context.support.DefaultBootstrapContext(java.lang.Class,org.springframework.test.context.CacheAwareContextLoaderDelegate)]
01:36:54.341 [Test worker] DEBUG org.springframework.test.context.BootstrapUtils - Instantiating TestContextBootstrapper for test class [com.ofss.trade.web.TradeStoreControllerTest] from class [org.springframework.boot.test.autoconfigure.web.servlet.WebMvcTestContextBootstrapper]
01:36:54.359 [Test worker] INFO org.springframework.boot.test.autoconfigure.web.servlet.WebMvcTestContextBootstrapper - Neither @ContextConfiguration nor @ContextHierarchy found for test class [com.ofss.trade.web.TradeStoreControllerTest], using SpringBootContextLoader
01:36:54.365 [Test worker] DEBUG org.springframework.test.context.support.AbstractContextLoader - Did not detect default resource location for test class [com.ofss.trade.web.TradeStoreControllerTest]: class path resource [com/ofss/trade/web/TradeStoreControllerTest-context.xml] does not exist
01:36:54.366 [Test worker] DEBUG org.springframework.test.context.support.AbstractContextLoader - Did not detect default resource location for test class [com.ofss.trade.web.TradeStoreControllerTest]: class path resource [com/ofss/trade/web/TradeStoreControllerTestContext.groovy] does not exist
01:36:54.367 [Test worker] INFO org.springframework.test.context.support.AbstractContextLoader - Could not detect default resource locations for test class [com.ofss.trade.web.TradeStoreControllerTest]: no resource found for suffixes {-context.xml, Context.groovy}.
01:36:54.368 [Test worker] INFO org.springframework.test.context.support.AnnotationConfigContextLoaderUtils - Could not detect default configuration classes for test class [com.ofss.trade.web.TradeStoreControllerTest]: TradeStoreControllerTest does not declare any static, non-private, non-final, nested classes annotated with @Configuration.
01:36:54.473 [Test worker] DEBUG org.springframework.test.context.support.ActiveProfilesUtils - Could not find an 'annotation declaring class' for annotation type [org.springframework.test.context.ActiveProfiles] and class [com.ofss.trade.web.TradeStoreControllerTest]
01:36:54.581 [Test worker] DEBUG org.springframework.context.annotation.ClassPathScanningCandidateComponentProvider - Identified candidate component class: file [D:\KBZ_Work\OBMA\CFPM\app-shell-snapshot\TradeStore\build\classes\java\main\com\ofss\trade\TradeStoreApplication.class]
01:36:54.582 [Test worker] INFO org.springframework.boot.test.context.SpringBootTestContextBootstrapper - Found @SpringBootConfiguration com.ofss.trade.TradeStoreApplication for test class com.ofss.trade.web.TradeStoreControllerTest
01:36:54.589 [Test worker] DEBUG org.springframework.boot.test.autoconfigure.web.servlet.WebMvcTestContextBootstrapper - @TestExecutionListeners is not present for class [com.ofss.trade.web.TradeStoreControllerTest]: using defaults.
01:36:54.590 [Test worker] INFO org.springframework.boot.test.autoconfigure.web.servlet.WebMvcTestContextBootstrapper - Loaded default TestExecutionListener class names from location [META-INF/spring.factories]: [org.springframework.boot.test.autoconfigure.restdocs.RestDocsTestExecutionListener, org.springframework.boot.test.autoconfigure.web.client.MockRestServiceServerResetTestExecutionListener, org.springframework.boot.test.autoconfigure.web.servlet.MockMvcPrintOnlyOnFailureTestExecutionListener, org.springframework.boot.test.autoconfigure.web.servlet.WebDriverTestExecutionListener, org.springframework.boot.test.autoconfigure.webservices.client.MockWebServiceServerTestExecutionListener, org.springframework.boot.test.mock.mockito.MockitoTestExecutionListener, org.springframework.boot.test.mock.mockito.ResetMocksTestExecutionListener, org.springframework.test.context.web.ServletTestExecutionListener, org.springframework.test.context.support.DirtiesContextBeforeModesTestExecutionListener, org.springframework.test.context.event.ApplicationEventsTestExecutionListener, org.springframework.test.context.support.DependencyInjectionTestExecutionListener, org.springframework.test.context.support.DirtiesContextTestExecutionListener, org.springframework.test.context.transaction.TransactionalTestExecutionListener, org.springframework.test.context.jdbc.SqlScriptsTestExecutionListener, org.springframework.test.context.event.EventPublishingTestExecutionListener]
01:36:54.618 [Test worker] INFO org.springframework.boot.test.autoconfigure.web.servlet.WebMvcTestContextBootstrapper - Using TestExecutionListeners: [org.springframework.test.context.web.ServletTestExecutionListener@5d1a2b7, org.springframework.test.context.support.DirtiesContextBeforeModesTestExecutionListener@225adaa2, org.springframework.test.context.event.ApplicationEventsTestExecutionListener@1cecaedf, org.springframework.boot.test.mock.mockito.MockitoTestExecutionListener@6f3629b, org.springframework.boot.test.autoconfigure.SpringBootDependencyInjectionTestExecutionListener@ebface8, org.springframework.test.context.support.DirtiesContextTestExecutionListener@7a44e857, org.springframework.test.context.transaction.TransactionalTestExecutionListener@3272b96, org.springframework.test.context.jdbc.SqlScriptsTestExecutionListener@1edd66d3, org.springframework.test.context.event.EventPublishingTestExecutionListener@6df6410c, org.springframework.boot.test.autoconfigure.restdocs.RestDocsTestExecutionListener@30ad1ab5, org.springframework.boot.test.autoconfigure.web.client.MockRestServiceServerResetTestExecutionListener@a6cfcad, org.springframework.boot.test.autoconfigure.web.servlet.MockMvcPrintOnlyOnFailureTestExecutionListener@7ff2f8cd, org.springframework.boot.test.autoconfigure.web.servlet.WebDriverTestExecutionListener@20d3381e, org.springframework.boot.test.autoconfigure.webservices.client.MockWebServiceServerTestExecutionListener@78f3f603, org.springframework.boot.test.mock.mockito.ResetMocksTestExecutionListener@1597e424]
01:36:54.625 [Test worker] DEBUG org.springframework.test.context.support.AbstractDirtiesContextTestExecutionListener - Before test class: context [DefaultTestContext@37b24374 testClass = TradeStoreControllerTest, testInstance = [null], testMethod = [null], testException = [null], mergedContextConfiguration = [WebMergedContextConfiguration@6b8a3700 testClass = TradeStoreControllerTest, locations = '{}', classes = '{class com.ofss.trade.TradeStoreApplication}', contextInitializerClasses = '[]', activeProfiles = '{}', propertySourceLocations = '{}', propertySourceProperties = '{org.springframework.boot.test.autoconfigure.web.servlet.WebMvcTestContextBootstrapper=true}', contextCustomizers = set[org.springframework.boot.test.autoconfigure.OverrideAutoConfigurationContextCustomizerFactory$DisableAutoConfigurationContextCustomizer@5b4fe601, org.springframework.boot.test.autoconfigure.actuate.metrics.MetricsExportContextCustomizerFactory$DisableMetricExportContextCustomizer@126e1114, org.springframework.boot.test.autoconfigure.filter.TypeExcludeFiltersContextCustomizer@39a0b1d1, org.springframework.boot.test.autoconfigure.properties.PropertyMappingContextCustomizer@2015b80c, org.springframework.boot.test.autoconfigure.web.servlet.WebDriverContextCustomizerFactory$Customizer@5cbeb720, [ImportsContextCustomizer@5ad1221f key = [org.springframework.boot.autoconfigure.cache.CacheAutoConfiguration, org.springframework.boot.autoconfigure.context.MessageSourceAutoConfiguration, org.springframework.boot.autoconfigure.data.web.SpringDataWebAutoConfiguration, org.springframework.boot.autoconfigure.freemarker.FreeMarkerAutoConfiguration, org.springframework.boot.autoconfigure.groovy.template.GroovyTemplateAutoConfiguration, org.springframework.boot.autoconfigure.gson.GsonAutoConfiguration, org.springframework.boot.autoconfigure.hateoas.HypermediaAutoConfiguration, org.springframework.boot.autoconfigure.http.HttpMessageConvertersAutoConfiguration, org.springframework.boot.autoconfigure.jackson.JacksonAutoConfiguration, org.springframework.boot.autoconfigure.jsonb.JsonbAutoConfiguration, org.springframework.boot.autoconfigure.mustache.MustacheAutoConfiguration, org.springframework.boot.autoconfigure.task.TaskExecutionAutoConfiguration, org.springframework.boot.autoconfigure.thymeleaf.ThymeleafAutoConfiguration, org.springframework.boot.autoconfigure.validation.ValidationAutoConfiguration, org.springframework.boot.autoconfigure.web.servlet.error.ErrorMvcAutoConfiguration, org.springframework.boot.autoconfigure.web.servlet.HttpEncodingAutoConfiguration, org.springframework.boot.autoconfigure.web.servlet.WebMvcAutoConfiguration, org.springframework.boot.test.autoconfigure.web.servlet.MockMvcAutoConfiguration, org.springframework.boot.test.autoconfigure.web.servlet.MockMvcWebClientAutoConfiguration, org.springframework.boot.test.autoconfigure.web.servlet.MockMvcWebDriverAutoConfiguration, org.springframework.boot.autoconfigure.security.oauth2.client.servlet.OAuth2ClientAutoConfiguration, org.springframework.boot.autoconfigure.security.oauth2.resource.servlet.OAuth2ResourceServerAutoConfiguration, org.springframework.boot.autoconfigure.security.servlet.SecurityAutoConfiguration, org.springframework.boot.autoconfigure.security.servlet.SecurityFilterAutoConfiguration, org.springframework.boot.autoconfigure.security.servlet.UserDetailsServiceAutoConfiguration, org.springframework.boot.test.autoconfigure.web.servlet.MockMvcSecurityConfiguration]], org.springframework.boot.test.context.filter.ExcludeFilterContextCustomizer@26bdf545, org.springframework.boot.test.json.DuplicateJsonObjectContextCustomizerFactory$DuplicateJsonObjectContextCustomizer@f7d2eb1, org.springframework.boot.test.mock.mockito.MockitoContextCustomizer@c663e352, org.springframework.boot.test.context.SpringBootTestArgs@1, org.springframework.boot.test.context.SpringBootTestWebEnvironment@0], resourceBasePath = 'src/main/webapp', contextLoader = 'org.springframework.boot.test.context.SpringBootContextLoader', parent = [null]], attributes = map[[empty]]], class annotated with @DirtiesContext [false] with mode [null].
01:36:54.680 [Test worker] DEBUG org.springframework.test.context.support.TestPropertySourceUtils - Adding inlined properties to environment: {spring.jmx.enabled=false, org.springframework.boot.test.autoconfigure.web.servlet.WebMvcTestContextBootstrapper=true}

  .   ____          _            __ _ _
 /\\ / ___'_ __ _ _(_)_ __  __ _ \ \ \ \
( ( )\___ | '_ | '_| | '_ \/ _` | \ \ \ \
 \\/  ___)| |_)| | | | | || (_| |  ) ) ) )
  '  |____| .__|_| |_|_| |_\__, | / / / /
 =========|_|==============|___/=/_/_/_/
 :: Spring Boot ::                (v2.4.5)

2022-12-15 01:36:55.210  INFO 12528 --- [    Test worker] c.o.trade.web.TradeStoreControllerTest   : Starting TradeStoreControllerTest using Java 1.8.0_291 on BTHADANI-IN with PID 12528 (started by bthadani in D:\KBZ_Work\OBMA\CFPM\app-shell-snapshot\TradeStore)
2022-12-15 01:36:55.214  INFO 12528 --- [    Test worker] c.o.trade.web.TradeStoreControllerTest   : No active profile set, falling back to default profiles: default
2022-12-15 01:36:57.391  INFO 12528 --- [    Test worker] o.s.s.concurrent.ThreadPoolTaskExecutor  : Initializing ExecutorService 'applicationTaskExecutor'
2022-12-15 01:36:57.907  INFO 12528 --- [    Test worker] o.s.b.t.m.w.SpringBootMockServletContext : Initializing Spring TestDispatcherServlet ''
2022-12-15 01:36:57.907  INFO 12528 --- [    Test worker] o.s.t.web.servlet.TestDispatcherServlet  : Initializing Servlet ''
2022-12-15 01:36:57.909  INFO 12528 --- [    Test worker] o.s.t.web.servlet.TestDispatcherServlet  : Completed initialization in 2 ms
2022-12-15 01:36:57.948  INFO 12528 --- [    Test worker] c.o.trade.web.TradeStoreControllerTest   : Started TradeStoreControllerTest in 3.252 seconds (JVM running for 4.979)

MockHttpServletRequest:
      HTTP Method = GET
      Request URI = /trade
       Parameters = {}
          Headers = []
             Body = null
    Session Attrs = {}

Handler:
             Type = com.ofss.trade.web.TradeStoreController
           Method = com.ofss.trade.web.TradeStoreController#findAllTradeStore()

Async:
    Async started = false
     Async result = null

Resolved Exception:
             Type = null

ModelAndView:
        View name = null
             View = null
            Model = null

FlashMap:
       Attributes = null

MockHttpServletResponse:
           Status = 200
    Error message = null
          Headers = [Content-Type:"application/json"]
     Content type = application/json
             Body = [{"id":0,"tradeId":"T1","version":1,"counterPartyId":"CP-1","bookId":"B1","maturityDate":"2023-05-19T18:30:00.000+00:00","createdDate":"2022-12-14T18:30:00.000+00:00","expired":false},{"id":0,"tradeId":"T1","version":2,"counterPartyId":"CP-1","bookId":"B1","maturityDate":"2022-05-19T18:30:00.000+00:00","createdDate":"2022-12-14T18:30:00.000+00:00","expired":false}]
    Forwarded URL = null
   Redirected URL = null
          Cookies = []
]]></system-out>
  <system-err><![CDATA[]]></system-err>
</testsuite>
